19:57:22 Started generator: Cantus firmus Analysis
19:57:22 LoadRules loaded 385 lines from configs\rules\rules.csv
19:57:22 LoadHSP loaded 8 lines from configs\harm\harm.csv
19:57:22 LoadConfigFile loaded 70 lines from M:\Web\site\ctracker\share\MGen\configs\GenCF1\include\CF1.pl
19:57:22 LoadConfigFile loaded 42 lines from M:\Web\site\ctracker\share\MGen\configs\GenCA1\include\CA1.pl
19:57:22 LoadConfigFile loaded 6 lines from configs\GenCA1\good-cf-min.pl
19:57:22 LoadInstrumentLayout loaded 15 lines from instruments\Default.txt in 3 ms
19:57:22 LoadInstruments loaded 77 lines from instruments\Violin\Friedlander.pl in 7 ms
19:57:22 LoadInstruments loaded 61 lines from M:\Web\site\ctracker\share\MGen\instruments\include\SampleModeling.pl in 4 ms
19:57:22 LoadInstruments loaded 26 lines from instruments\Trumpet\SM Trumpet.pl in 9 ms
19:57:22 LoadInstruments loaded 61 lines from M:\Web\site\ctracker\share\MGen\instruments\include\SampleModeling.pl in 0 ms
19:57:22 LoadInstruments loaded 38 lines from instruments\Horn\SM Horn.pl in 6 ms
19:57:22 LoadInstruments loaded 61 lines from M:\Web\site\ctracker\share\MGen\instruments\include\SampleModeling.pl in 1 ms
19:57:22 LoadInstruments loaded 22 lines from instruments\Trombone\SM Trombone.pl in 5 ms
19:57:22 LoadInstruments loaded 61 lines from M:\Web\site\ctracker\share\MGen\instruments\include\SampleModeling.pl in 1 ms
19:57:22 LoadInstruments loaded 29 lines from instruments\Tuba\SM Tuba.pl in 6 ms
19:57:22 LoadInstruments loaded 25 lines from instruments\Piano\Default.pl in 6 ms
19:57:22 LoadCantus successfully loaded 21 canti (in 5 ms)
19:57:22 No need to correct - no prohibited rule violations found
19:57:22 Finished SWA9 #9: rp 0 from 2, dp 6, cnum 1 (in 24 ms): 
1 Culmination (multi low), 
19:57:22 Algorithm created 9 windows
19:57:22 Last variant in first window reached
19:57:22 Finished SWA13 #13: rp 0 from 1, dp 5, cnum 1 (in 12 ms): 
1 Range (voice <m6), 
19:57:22 Algorithm created 13 windows
19:57:22 Last variant in first window reached
19:57:22 Finished SWA13 #14: rp 0 from 62, dp 9, cnum 1 (in 15 ms): 
1 Adjacent tritone (resolved), 
19:57:22 Algorithm created 13 windows
19:57:22 Last variant in first window reached
19:57:22 Finished SWA13 #17: rp 0 from 183, dp 10, cnum 2 (in 35 ms): 
1 CF Stepwise motion (>7 any direction), 
19:57:22 Algorithm created 13 windows
19:57:22 Last variant in first window reached
19:57:22 No need to correct - no prohibited rule violations found
19:57:22 Finished SWA13 #13: rp 0 from 61, dp 4, cnum 2 (in 6 ms): 
1 Altered neighbour (III-VII#), 
19:57:22 Algorithm created 13 windows
19:57:22 Last variant in first window reached
19:57:22 Finished SWA13 #14: rp 0 from 122, dp 9, cnum 2 (in 12 ms): 
1 Range (voice <m6), 
19:57:22 Algorithm created 13 windows
19:57:22 Last variant in first window reached
19:57:22 Finished SWA13 #13: rp 0 from 61, dp 4, cnum 1 (in 5 ms): 
1 Unaltered VII (10 after VII#), 
19:57:22 Algorithm created 13 windows
19:57:22 Last variant in first window reached
19:57:22 No need to correct - no prohibited rule violations found
19:57:22 No need to correct - no prohibited rule violations found
19:57:22 No need to correct - no prohibited rule violations found
19:57:22 Finished SWA13 #13: rp 0 from 122, dp 4, cnum 2 (in 5 ms): 
1 VI# without VII# (within 2 notes), 
1 VII near VI# (4 notes before), 
19:57:22 Algorithm created 13 windows
19:57:22 Last variant in first window reached
19:57:22 No need to correct - no prohibited rule violations found
19:57:22 No need to correct - no prohibited rule violations found
19:57:22 No need to correct - no prohibited rule violations found
19:57:22 Finished SWA13 #13: rp 0 from 102, dp 5, cnum 1 (in 9 ms): 
1 Adjacent tritone (resolved), 
1 Leap up size (m7), 
19:57:22 Algorithm created 13 windows
19:57:22 Last variant in first window reached
19:57:22 No need to correct - no prohibited rule violations found
19:57:22 Finished SWA13 #13: rp 0 from 61, dp 5, cnum 1 (in 7 ms): 
1 Far + 1far MDC (3rd), 
19:57:22 Algorithm created 13 windows
19:57:22 Last variant in first window reached
19:57:22 No need to correct - no prohibited rule violations found
